<?xml version="1.0" encoding="UTF-8"?>
<!-- Generated by org.testng.reporters.JUnitReportReporter -->
<testsuite hostname="dell-PC" name="com.cjc.testcases.AutoRegg" tests="1" failures="0" timestamp="21 Apr 2020 17:53:53 GMT" time="35.849" errors="0">
  <testcase name="verify" time="35.849" classname="com.cjc.testcases.AutoRegg"/>
</testsuite> <!-- com.cjc.testcases.AutoRegg -->
