<?xml version="1.0" encoding="UTF-8"?>
<!-- Generated by org.testng.reporters.JUnitReportReporter -->
<testsuite hostname="dell-PC" name="com.cjc.testcases.AtSignin" tests="1" failures="0" timestamp="21 Apr 2020 17:46:06 GMT" time="18.842" errors="0">
  <testcase name="verify" time="18.842" classname="com.cjc.testcases.AtSignin"/>
</testsuite> <!-- com.cjc.testcases.AtSignin -->
